<?xml version="1.0" encoding="UTF-8"?>
<testng-results ignored="0" total="1" passed="1" failed="0" skipped="0">
  <reporter-output>
  </reporter-output>
  <suite started-at="2022-02-21T19:37:07 CST" name="Default suite" finished-at="2022-02-21T19:37:12 CST" duration-ms="5317">
    <groups>
    </groups>
    <test started-at="2022-02-21T19:37:07 CST" name="Default test" finished-at="2022-02-21T19:37:12 CST" duration-ms="5317">
      <class name="selproject.seltest">
        <test-method signature="testwork()[pri:0, instance:selproject.seltest@66d3eec0]" started-at="2022-02-21T19:37:07 CST" name="testwork" finished-at="2022-02-21T19:37:12 CST" duration-ms="5270" status="PASS">
          <reporter-output>
          </reporter-output>
        </test-method> <!-- testwork -->
      </class> <!-- selproject.seltest -->
    </test> <!-- Default test -->
  </suite> <!-- Default suite -->
</testng-results>
